 NL   NX   NY  LOWBAD HIGHBAD  THRESH     AP1  PH/ADU  RNOISE
  2  765  510  2480.7 49900.0  256.93    5.20    1.95   15.00

    71  735.316  209.544   10.168
     2947.521 99.99 99.99 -99.990

    94  435.870  276.439   10.985
     2935.835 99.99 99.99 -99.990

     1  698.368    9.600   11.083
     2943.129 99.99 99.99 -99.990

    25  566.691   55.564   11.204
     2938.094 99.99 99.99 -99.990

    54  261.817  152.106   11.264
     2934.791 99.99 99.99 -99.990

   116  171.511  362.314   11.340
     2942.396 99.99 99.99 -99.990

   156  474.833  478.672   11.622
     2947.300 99.99 99.99 -99.990

    52  144.271  141.557   11.836
     2934.906 99.99 99.99 -99.990

    18  235.817   41.832   11.903
     2935.251 99.99 99.99 -99.990

