 NL   NX   NY  LOWBAD HIGHBAD  THRESH     AP1  PH/ADU  RNOISE
  2  765  510  2737.5 49900.0  267.19    5.20    1.95   15.00

    64  735.875  209.539   10.208
     3225.560 99.99 99.99 -99.990

    83  436.347  276.428   11.018
     3212.259 99.99 99.99 -99.990

     1  698.922    9.596   11.121
     3223.583 99.99 99.99 -99.990

    23  567.204   55.565   11.259
     3217.807 99.99 99.99 -99.990

    49  262.286  152.092   11.313
     3208.135 99.99 99.99 -99.990

   103  171.980  362.313   11.369
     3212.452 99.99 99.99 -99.990

   140  475.323  478.691   11.662
     3220.608 99.99 99.99 -99.990

    47  144.738  141.553   11.857
     3206.934 99.99 99.99 -99.990

    17  236.316   41.823   11.949
     3209.363 99.99 99.99 -99.990

