 NL   NX   NY  LOWBAD HIGHBAD  THRESH     AP1  PH/ADU  RNOISE    FRAD
  1  765  510  2480.7 49900.0  256.93    5.20    1.95   15.00    5.20

    50  353.255  198.650   13.950    0.017 2935.274       6.     1.05   -0.036   
    51  521.545  299.265   13.963    0.015 2937.760       5.     0.96    0.106   
    52  649.803   17.319   14.007    0.018 2939.171       6.     1.07   -0.152   
    53  249.337  202.964   14.084    0.016 2935.801       6.     0.92    0.092   
    54  242.085  430.039   14.128    0.020 2941.868       5.     1.15    0.172   
    55  344.241   47.879   14.135    0.022 2932.990       6.     1.21   -0.333   
    56  219.871   33.280   14.191    0.031 2932.930       7.     1.20   -0.405   
    57  220.893   28.998   14.216    0.026 2933.120       7.     1.17   -0.521   
    58  380.688  476.136   14.217    0.024 2944.010       5.     1.24    0.060   
    59  228.987  432.908   14.237    0.023 2941.523       5.     1.15   -0.173   
    60  227.246  185.644   14.260    0.016 2936.033       5.     0.81    0.007   
    61  177.679  106.917   14.268    0.020 2930.881       5.     1.03   -0.189   
    62  283.822  231.629   14.272    0.019 2934.969       6.     0.92   -0.019   
    63  733.987  287.882   14.273    0.020 2947.472       6.     0.97    0.190   
    65  439.952  478.706   14.313    0.025 2945.537       5.     1.19    0.076   
    66  170.724  213.678   14.321    0.022 2934.656       5.     1.06    0.223   
    67   93.721  367.377   14.345    0.020 2941.077       5.     0.95    0.080   
    68  207.651  337.304   14.349    0.020 2935.764       6.     0.92    0.086   
    69  121.346   37.056   14.431    0.025 2933.204       5.     1.10   -0.263   
    92  214.770  244.165   14.851    0.024 2935.873       5.     0.72    0.082     
   
