 NL   NX   NY  LOWBAD HIGHBAD  THRESH     AP1  PH/ADU  RNOISE    FRAD
  1  765  510  2480.7 49900.0  256.93    5.20    1.95   15.00    5.20

     1  735.459  209.629   10.178    0.014 2947.194       5.     5.59   -0.155   
     2  435.829  276.511   10.999    0.015 2937.176       5.     5.03    0.440   
     3  698.334    9.463   11.078    0.018 2945.219       5.     5.88   -0.410   
     4  566.575   55.417   11.206    0.014 2936.687       7.     4.18   -0.011   
     5  261.723  152.047   11.270    0.017 2934.315       5.     5.45    0.178   
     6  171.546  362.402   11.362    0.015 2940.406       6.     4.41    0.358   
     7  697.062  512.292   11.568    0.230 2955.660       9.     4.69   -0.836   
     8  474.907  478.839   11.650    0.023 2945.303       5.     6.18    0.161   
     9  144.212  141.521   11.832    0.018 2935.699       6.     4.53    0.044   
    10  235.733   41.728   11.904    0.022 2934.370       5.     5.24   -0.311   
    11  744.161  200.030   12.024    0.015 2946.929       8.     0.71   -0.096   
    12  259.513  268.560   12.093    0.014 2936.083       5.     2.96    0.241   
    13  211.155  414.027   12.167    0.015 2940.185       5.     3.08    0.210   
    14  181.110  445.879   12.439    0.016 2944.287       6.     2.93    0.224   
    15   15.765  471.411   12.444    0.017 2946.452       7.     3.06    0.371   
    16  398.041  200.315   12.618    0.012 2934.693       5.     2.05    0.227   
    17  591.735   51.050   12.784    0.014 2936.870       6.     1.94   -0.058   
    18  596.498  433.827   12.893    0.027 2945.641       6.     3.54    0.527   
    19  101.345  299.065   12.894    0.012 2936.902       6.     1.74    0.150   
    20  669.262  212.243   12.912    0.010 2940.965       6.     1.34    0.195   
    21  713.769  346.834   13.054    0.020 2948.141       6.     2.39    0.123   
    22  141.882   78.848   13.067    0.020 2932.701       5.     2.51   -0.207   
    23  744.617   10.636   13.098    0.023 2943.900       6.     2.81    0.062   
    24   32.405   94.450   13.113    0.019 2937.774       6.     2.26   -0.223   
    25  510.009  246.288   13.151    0.017 2936.720       5.     2.07    0.603   
    26  719.402  406.260   13.203    0.024 2949.886       6.     2.73    0.003   
    27  619.778  222.351   13.218    0.012 2939.771       6.     1.29    0.309   
    28  131.257   21.437   13.243    0.021 2932.769       8.     2.02   -0.383   
    29  356.546  278.437   13.253    0.014 2935.138       5.     1.56    0.080   
    30  661.296  107.285   13.263    0.012 2939.887       6.     1.23    0.042   
    31   79.185  181.423   13.313    0.017 2937.359       5.     1.78    0.049   
    32  158.031   66.894   13.470    0.021 2932.898       8.     1.85   -0.351   
    33  257.038  481.880   13.504    0.017 2944.834       7.     1.52    0.089   
    34   67.174  368.914   13.591    0.015 2941.175       5.     1.26    0.093   
    35  503.327  222.892   13.607    0.012 2936.721       6.     1.01    0.175   
    36  373.168  241.686   13.619    0.014 2935.697       5.     1.21    0.088   
    37  152.274  344.775   13.629    0.015 2939.105       5.     1.22    0.055   
    38  455.141  213.972   13.684    0.014 2936.716       4.     1.14    0.189   
    39  504.554  450.520   13.690    0.021 2943.410       6.     1.62   -0.096   
    40   43.200  512.857   13.741    0.484 2950.558      10.     0.89   -0.211   
    41  136.761  476.682   13.741    0.019 2943.004       6.     1.46    0.307   
    42   67.706  124.398   13.760    0.018 2937.005       5.     1.36    0.127   
    43  365.624   14.434   13.818    0.023 2933.591       4.     1.62   -0.177   
    44   90.338  111.561   13.819    0.020 2937.214       5.     1.46   -0.244   
    45  372.581  284.361   13.828    0.016 2936.623       5.     1.12    0.090   
    46  110.052  219.414   13.866    0.016 2936.043       5.     1.13   -0.166   
    47  762.271  148.608   13.917    0.017 2943.773       7.     1.15   -0.089   
    48  141.004   22.873   13.918    0.022 2932.241       5.     1.52   -0.381   
    49  312.813   37.419   13.933    0.023 2933.441       6.     1.49   -0.286   
    50  353.255  198.650   13.950    0.017 2935.274       6.     1.05   -0.036   
    51  521.545  299.265   13.963    0.015 2937.760       5.     0.96    0.106   
    52  649.803   17.319   14.007    0.018 2939.171       6.     1.07   -0.152   
    53  249.337  202.964   14.084    0.016 2935.801       6.     0.92    0.092   
    54  242.085  430.039   14.128    0.020 2941.868       5.     1.15    0.172   
    55  344.241   47.879   14.135    0.022 2932.990       6.     1.21   -0.333   
    56  219.871   33.280   14.191    0.031 2932.930       7.     1.20   -0.405   
    57  220.893   28.998   14.216    0.026 2933.120       7.     1.17   -0.521   
    58  380.688  476.136   14.217    0.024 2944.010       5.     1.24    0.060   
    59  228.987  432.908   14.237    0.023 2941.523       5.     1.15   -0.173   
    60  227.246  185.644   14.260    0.016 2936.033       5.     0.81    0.007   
    61  177.679  106.917   14.268    0.020 2930.881       5.     1.03   -0.189   
    62  283.822  231.629   14.272    0.019 2934.969       6.     0.92   -0.019   
    63  733.987  287.882   14.273    0.020 2947.472       6.     0.97    0.190   
    64  276.940  285.884   14.289    0.023 2936.054       5.     1.15    0.277   
    65  439.952  478.706   14.313    0.025 2945.537       5.     1.19    0.076   
    66  170.724  213.678   14.321    0.022 2934.656       5.     1.06    0.223   
    67   93.721  367.377   14.345    0.020 2941.077       5.     0.95    0.080   
    68  207.651  337.304   14.349    0.020 2935.764       6.     0.92    0.086   
    69  121.346   37.056   14.431    0.025 2933.204       5.     1.10   -0.263   
    70   13.297  483.843   14.449    0.027 2944.614       6.     1.14    0.611   
    71  637.855  375.279   14.469    0.027 2944.931       5.     1.14    0.371   
    72  492.463   38.106   14.521    0.026 2934.834       5.     1.05   -0.317   
    73  272.804   24.470   14.522    0.027 2932.820       8.     1.03   -0.535   
    74  447.520  191.502   14.527    0.021 2934.669       5.     0.84   -0.316   
    75  347.913  438.924   14.565    0.026 2940.418       5.     1.02    0.013   
    76  441.770  334.334   14.623    0.025 2937.098       4.     0.93    0.104   
    77  239.160  118.723   14.641    0.024 2933.979       5.     0.89   -0.029   
    78  475.175  259.299   14.666    0.022 2936.308       5.     0.78    0.127   
    79   -0.722  189.350   14.670    0.155 2939.077       7.     0.65    0.075   
    80  486.205  184.622   14.674    0.019 2935.286       5.     0.66   -0.039   
    81  678.923   74.763   14.688    0.028 2940.491       5.     1.00    0.656   
    82   50.342   23.837   14.713    0.028 2935.949       6.     0.94   -0.444   
    83  678.914  262.173   14.740    0.026 2943.424       5.     0.88    0.231   
    84  626.174  443.969   14.749    0.035 2947.170       5.     1.16    0.105   
    85  716.916  385.168   14.762    0.032 2950.261       5.     1.06   -0.155   
    86  592.549  421.770   14.763    0.035 2945.243       5.     1.15   -0.221   
    87  366.068  170.772   14.767    0.024 2935.977       5.     0.79    0.030   
    88  507.681  384.409   14.772    0.027 2940.574       5.     0.90    0.041   
    89  531.751  442.607   14.800    0.031 2944.540       5.     1.00    0.046   
    90  644.688  418.678   14.801    0.031 2946.602       6.     0.95   -0.189   
    91  291.230  254.634   14.835    0.023 2936.431       7.     0.70    0.232   
    92  214.770  244.165   14.851    0.024 2935.873       5.     0.72    0.082   
    93   68.644  392.868   14.901    0.029 2940.385       5.     0.85    0.076   
    94  579.621  100.223   14.932    0.026 2935.217       5.     0.73   -0.179   
    95   49.766  122.095   14.944    0.031 2938.007       6.     0.86   -0.073   
    96  160.912  397.866   15.002    0.030 2942.681       6.     0.78    0.006   
    97  306.736  321.807   15.019    0.031 2935.864       5.     0.82    0.150   
    98  611.438  460.338   15.028    0.035 2946.861       6.     0.88   -0.186   
    99  264.084   48.497   15.029    0.036 2933.368       5.     0.95   -0.279   
   100  593.636  295.187   15.044    0.036 2938.844       4.     0.95   -0.141   
   101  340.862   69.303   15.048    0.036 2931.785       4.     0.94   -0.182   
   102  502.494  364.224   15.051    0.029 2939.928       5.     0.74    0.253   
   103  372.585  139.641   15.071    0.031 2934.097       5.     0.79   -0.200   
   104  741.323  254.410   15.073    0.035 2946.971       5.     0.90   -0.233   
   105  474.881  157.401   15.088    0.026 2934.757       5.     0.63    0.210   
   106  192.862  383.049   15.095    0.027 2940.688       4.     0.64    0.086   
   107  482.544  383.920   15.105    0.040 2939.145       5.     0.96    0.608   
   108  413.902   35.068   15.125    0.033 2934.050       5.     0.79   -0.258   
   109  204.563  313.332   15.146    0.036 2935.007       5.     0.87   -0.005   
   110   42.517   87.951   15.167    0.048 2937.525       5.     1.11   -1.001   
   111  274.028  355.057   15.170    0.034 2937.295       5.     0.78    0.137   
   112  624.118   49.364   15.175    0.032 2937.655       5.     0.73   -0.314   
   113  418.788  425.561   15.192    0.031 2940.365       5.     0.70    0.198   
   114  198.921  185.439   15.205    0.038 2935.268       5.     0.86    0.228   
   115  691.144  371.308   15.246    0.039 2945.104       5.     0.85   -0.160   
   116  742.376   85.403   15.260    0.042 2944.607       6.     0.90    0.134   
   117  449.704   63.410   15.269    0.035 2932.831       5.     0.73    0.055   
   118  122.316  454.766   15.271    0.038 2942.422       6.     0.82    0.083   
   119  755.504  107.366   15.277    0.038 2945.282       7.     0.80    0.343   
   120  173.574  330.490   15.357    0.039 2938.069       6.     0.77    0.242   
   121  283.730  248.579   15.396    0.039 2937.374       5.     0.73    0.028   
   122  287.016  208.446   15.442    0.047 2935.373       5.     0.84   -0.111   
   123  624.194  288.337   15.487    0.040 2939.709       4.     0.71    0.194   
   124  286.222  126.852   15.489    0.043 2932.911       5.     0.73   -0.039   
   125  219.142  273.985   15.496    0.048 2934.844       5.     0.83   -0.422   
   126  684.670  439.534   15.524    0.055 2950.402       5.     0.94   -0.229   
   127  530.844   52.019   15.528    0.074 2934.545       5.     1.29    1.167   
   128  371.821  370.115   15.555    0.058 2937.580       4.     0.96    0.076   
   129  206.578   91.397   15.567    0.056 2933.913       5.     0.91   -0.090   
   130   71.539   19.679   15.598    0.051 2936.009       5.     0.82   -0.227   
   131  145.071  354.211   15.613    0.044 2940.135       6.     0.67    0.763   
   132  292.628  126.947   15.614    0.046 2932.259       5.     0.69   -0.095   
   133  419.436  165.914   15.636    0.060 2934.720       5.     0.95   -0.383   
   134   11.518  449.794   15.641    0.051 2945.643       5.     0.77    0.047   
   135  641.729  489.198   15.644    0.050 2950.840       6.     0.76   -0.071   
   136  409.547  183.699   15.653    0.064 2935.997       5.     0.96    1.418   
   137  340.514  242.522   15.659    0.051 2935.157       5.     0.75   -0.371   
   138  730.584  453.472   15.665    0.061 2954.082       5.     0.91   -0.358   
   139  544.535   92.270   15.680    0.057 2934.818       5.     0.85    0.291   
   140  605.145  434.423   15.694    0.056 2946.219       4.     0.83    0.098   
   141  115.352  224.411   15.708    0.051 2935.738       5.     0.73   -0.713   
   142  439.765  377.814   15.718    0.054 2937.851       6.     0.75    0.090   
   143  160.371  293.995   15.718    0.050 2935.026       5.     0.72   -0.116   
   144  487.146  118.387   15.723    0.053 2934.091       4.     0.75   -0.241   
   145  585.073  222.781   15.733    0.055 2938.198       6.     0.78    0.000   
   146  245.927   79.473   15.757    0.053 2933.154       5.     0.72   -0.557   
   147  133.671  396.916   15.785    0.070 2942.050       5.     0.95    0.031   
   148  428.464  469.264   15.790    0.064 2944.521       5.     0.86    0.027   
   149   27.685  279.656   15.844    0.060 2939.243       5.     0.75   -0.301   
   150  253.738   35.863   15.856    0.056 2934.689       5.     0.71   -0.744   
   151  534.355  249.950   15.858    0.054 2937.624       5.     0.67   -0.171   
   152   26.492   33.228   15.876    0.060 2936.318       4.     0.75    0.056   
   153  102.637  382.334   15.909    0.069 2940.373       5.     0.83   -0.349   
   154  534.266   93.793   15.925    0.059 2934.917       5.     0.71   -0.708   
   155  515.991  139.362   15.939    0.073 2933.970       4.     0.87   -0.741   
   156  299.121  194.490   15.981    0.075 2935.624       5.     0.86   -0.191   
   157  150.200   64.519   16.086    0.103 2932.565       8.     0.94   -0.284   
   158  673.814  360.704   16.101    0.090 2945.320       6.     0.92   -0.153   
   159  755.567  267.649   16.502    0.303 2947.868       9.     1.84  -22.733   
   160   23.619  339.924   16.522    0.250 2942.011       8.     1.61  -12.956   
