   1  486    7
   2  187   74
   3  449 -194
   4  318 -148
   5   13  -51
   6  -77  159
   7  448  309
   8  226  276
   9 -105  -61
  10  -13 -161
  11  495   -3
  12   11   66
  13  -38  211
  14  -68  243
  15 -233  268
  16  149   -3
  17  343 -152
  18  347  231
  19 -148   96
  20  420    9
  21  465  144
  22 -107 -124
  23  496 -192
  24 -217 -109
  25  261   43
  26  470  203
  27  371   19
  28 -118 -182
  29  108   75
  30  412  -96
  31 -170  -22
  32  -91 -136
  33    8  279
  34 -182  166
  35  254   20
  36  124   39
  37  -97  142
  38  206   11
  39  256  248
  40 -206  310
  41 -112  274
  42 -181  -79
  43  117 -189
  44 -159  -91
  45  124   81
  46 -139   16
  47  513  -54
  48 -108 -180
  49   64 -166
  50  104   -4
  51  273   96
  52  401 -186
  53    0   -0
  54   -7  227
  55   95 -155
  56  -29 -170
  57  -28 -174
  58  132  273
  59  -20  230
  60  -22  -17
  61  -71  -96
  62   35   29
  63  485   85
  64   28   83
  65  191  276
  66  -78   11
  67 -155  164
  68  -41  134
  69 -128 -166
  70 -236  281
  71  389  172
  72  243 -165
  73   24 -179
  74  199  -11
  75   99  236
  76  193  131
  77  -10  -84
  78  226   56
  79 -250  -14
  80  237  -18
  81  430 -128
  82 -199 -179
  83  430   59
  84  377  241
  85  468  182
  86  344  219
  87  117  -32
  88  259  181
  89  283  240
  90  396  216
  91   42   52
  92  -34   41
  93 -180  190
  94  331 -103
  95 -199  -81
  96  -88  195
  97   58  119
  98  362  257
  99   15 -155
 100  345   92
 101   92 -134
 102  253  161
 103  124  -63
 104  492   51
 105  226  -46
 106  -56  180
 107  234  181
 108  165 -168
 109  -44  110
 110 -206 -115
 111   25  152
 112  375 -154
 113  170  223
 114  -50  -18
 115  442  168
 116  493 -118
 117  201 -140
 118 -127  252
 119  507  -96
 120  -75  127
 121   35   46
 122   38    5
 123  375   85
 124   37  -76
 125  -30   71
 126  436  237
 127  282 -151
 128  123  167
 129  -42 -112
 130 -177 -183
 131 -104  151
 132   44  -76
 133  170  -37
 134 -237  247
 135  393  286
 136  161  -19
 137   92   40
 138  482  250
 139  296 -111
 140  356  231
 141 -134   21
 142  191  175
 143  -89   91
 144  238  -85
 145  336   20
 146   -3 -124
 147 -115  194
 148  179  266
 149 -221   77
 150    5 -167
 151  285   47
 152 -223 -170
 153 -146  179
 154  285 -109
 155  267  -64
 156   50   -9
 157  -99 -138
 158  425  158
 159  507   65
 160 -225  137
