   1  458  -75
   2  159   -8
   3  421 -276
   4  290 -230
   5  -15 -133
   6 -105   77
   7  420  227
   8  198  194
   9 -133 -143
  10  -41 -243
  11  467  -85
  12  -17  -16
  13  -66  129
  14  -96  161
  15 -261  186
  16  121  -85
  17  315 -234
  18  319  149
  19 -176   14
  20  392  -73
  21  437   62
  22 -135 -206
  23  468 -274
  24 -245 -191
  25  233  -39
  26  442  121
  27  343  -63
  28 -146 -264
  29   80   -7
  30  384 -178
  31 -198 -104
  32 -119 -218
  33  -20  197
  34 -210   84
  35  226  -62
  36   96  -43
  37 -125   60
  38  178  -71
  39  228  166
  40 -234  228
  41 -140  192
  42 -209 -161
  43   89 -271
  44 -187 -173
  45   96   -1
  46 -167  -66
  47  485 -136
  48 -136 -262
  49   36 -248
  50   76  -86
  51  245   14
  52  373 -268
  53  -28  -82
  54  -35  145
  55   67 -237
  56  -57 -252
  57  -56 -256
  58  104  191
  59  -48  148
  60  -50  -99
  61  -99 -178
  62    7  -53
  63  457    3
  64   -0    1
  65  163  194
  66 -106  -71
  67 -183   82
  68  -69   52
  69 -156 -248
  70 -264  199
  71  361   90
  72  215 -247
  73   -4 -261
  74  171  -93
  75   71  154
  76  165   49
  77  -38 -166
  78  198  -26
  79 -278  -96
  80  209 -100
  81  402 -210
  82 -227 -261
  83  402  -23
  84  349  159
  85  440  100
  86  316  137
  87   89 -114
  88  231   99
  89  255  158
  90  368  134
  91   14  -30
  92  -62  -41
  93 -208  108
  94  303 -185
  95 -227 -163
  96 -116  113
  97   30   37
  98  334  175
  99  -13 -237
 100  317   10
 101   64 -216
 102  225   79
 103   96 -145
 104  464  -31
 105  198 -128
 106  -84   98
 107  206   99
 108  137 -250
 109  -72   28
 110 -234 -197
 111   -3   70
 112  347 -236
 113  142  141
 114  -78 -100
 115  414   86
 116  465 -200
 117  173 -222
 118 -155  170
 119  479 -178
 120 -103   45
 121    7  -36
 122   10  -77
 123  347    3
 124    9 -158
 125  -58  -11
 126  408  155
 127  254 -233
 128   95   85
 129  -70 -194
 130 -205 -265
 131 -132   69
 132   16 -158
 133  142 -119
 134 -265  165
 135  365  204
 136  133 -101
 137   64  -42
 138  454  168
 139  268 -193
 140  328  149
 141 -162  -61
 142  163   93
 143 -117    9
 144  210 -167
 145  308  -62
 146  -31 -206
 147 -143  112
 148  151  184
 149 -249   -5
 150  -23 -249
 151  257  -35
 152 -251 -252
 153 -174   97
 154  257 -191
 155  239 -146
 156   22  -91
 157 -127 -220
 158  397   76
 159  479  -17
 160 -253   55
