   1  443  -45
   2  144   22
   3  406 -246
   4  275 -200
   5  -30 -103
   6 -120  107
   7  405  257
   8  183  224
   9 -148 -113
  10  -56 -213
  11  452  -55
  12  -32   14
  13  -81  159
  14 -111  191
  15 -276  216
  16  106  -55
  17  300 -204
  18  304  179
  19 -191   44
  20  377  -43
  21  422   92
  22 -150 -176
  23  453 -244
  24 -260 -161
  25  218   -9
  26  427  151
  27  328  -33
  28 -161 -234
  29   65   23
  30  369 -148
  31 -213  -74
  32 -134 -188
  33  -35  227
  34 -225  114
  35  211  -32
  36   81  -13
  37 -140   90
  38  163  -41
  39  213  196
  40 -249  258
  41 -155  222
  42 -224 -131
  43   74 -241
  44 -202 -143
  45   81   29
  46 -182  -36
  47  470 -106
  48 -151 -232
  49   21 -218
  50   61  -56
  51  230   44
  52  358 -238
  53  -43  -52
  54  -50  175
  55   52 -207
  56  -72 -222
  57  -71 -226
  58   89  221
  59  -63  178
  60  -65  -69
  61 -114 -148
  62   -8  -23
  63  442   33
  64  -15   31
  65  148  224
  66 -121  -41
  67 -198  112
  68  -84   82
  69 -171 -218
  70 -279  229
  71  346  120
  72  200 -217
  73  -19 -231
  74  156  -63
  75   56  184
  76  150   79
  77  -53 -136
  78  183    4
  79 -293  -66
  80  194  -70
  81  387 -180
  82 -242 -231
  83  387    7
  84  334  189
  85  425  130
  86  301  167
  87   74  -84
  88  216  129
  89  240  188
  90  353  164
  91   -1   -0
  92  -77  -11
  93 -223  138
  94  288 -155
  95 -242 -133
  96 -131  143
  97   15   67
  98  319  205
  99  -28 -207
 100  302   40
 101   49 -186
 102  210  109
 103   81 -115
 104  449   -1
 105  183  -98
 106  -99  128
 107  191  129
 108  122 -220
 109  -87   58
 110 -249 -167
 111  -18  100
 112  332 -206
 113  127  171
 114  -93  -70
 115  399  116
 116  450 -170
 117  158 -192
 118 -170  200
 119  464 -148
 120 -118   75
 121   -8   -6
 122   -5  -47
 123  332   33
 124   -6 -128
 125  -73   19
 126  393  185
 127  239 -203
 128   80  115
 129  -85 -164
 130 -220 -235
 131 -147   99
 132    1 -128
 133  127  -89
 134 -280  195
 135  350  234
 136  118  -71
 137   49  -12
 138  439  198
 139  253 -163
 140  313  179
 141 -177  -31
 142  148  123
 143 -132   39
 144  195 -137
 145  293  -32
 146  -46 -176
 147 -158  142
 148  136  214
 149 -264   25
 150  -38 -219
 151  242   -5
 152 -266 -222
 153 -189  127
 154  242 -161
 155  224 -116
 156    7  -61
 157 -142 -190
 158  382  106
 159  464   13
 160 -268   85
